  复制了 0 个文件
  OpenGL3.cpp
c:\users\ph0en1x\desktop\openglscene4\cube_map\robot.h(10): warning C4305: “初始化”: 从“double”到“float”截断
OpenGL3.cpp(47): warning C4305: “初始化”: 从“double”到“GLfloat”截断
OpenGL3.cpp(53): warning C4305: “初始化”: 从“double”到“float”截断
OpenGL3.cpp(96): warning C4838: 从“double”转换到“float”需要收缩转换
OpenGL3.cpp(96): warning C4305: “初始化”: 从“double”到“float”截断
OpenGL3.cpp(97): warning C4838: 从“double”转换到“float”需要收缩转换
OpenGL3.cpp(97): warning C4305: “初始化”: 从“double”到“float”截断
OpenGL3.cpp(98): warning C4838: 从“double”转换到“float”需要收缩转换
OpenGL3.cpp(98): warning C4305: “初始化”: 从“double”到“float”截断
OpenGL3.cpp(104): warning C4838: 从“double”转换到“float”需要收缩转换
OpenGL3.cpp(104): warning C4305: “初始化”: 从“double”到“float”截断
OpenGL3.cpp(204): warning C4305: “+=”: 从“double”到“GLfloat”截断
OpenGL3.cpp(266): warning C4305: “参数”: 从“double”到“GLfloat”截断
OpenGL3.cpp(267): warning C4305: “参数”: 从“double”到“GLfloat”截断
OpenGL3.cpp(273): warning C4305: “参数”: 从“double”到“GLfloat”截断
OpenGL3.cpp(274): warning C4305: “参数”: 从“double”到“GLfloat”截断
OpenGL3.cpp(280): warning C4305: “参数”: 从“double”到“GLfloat”截断
OpenGL3.cpp(281): warning C4305: “参数”: 从“double”到“GLfloat”截断
OpenGL3.cpp(301): warning C4305: “参数”: 从“double”到“GLfloat”截断
OpenGL3.cpp(307): warning C4305: “参数”: 从“double”到“GLfloat”截断
OpenGL3.cpp(309): warning C4305: “参数”: 从“double”到“GLfloat”截断
OpenGL3.cpp(329): warning C4305: “参数”: 从“double”到“GLfloat”截断
OpenGL3.cpp(330): warning C4305: “参数”: 从“double”到“GLfloat”截断
OpenGL3.cpp(331): warning C4305: “参数”: 从“double”到“GLfloat”截断
OpenGL3.cpp(332): warning C4305: “参数”: 从“double”到“GLfloat”截断
OpenGL3.cpp(333): warning C4305: “参数”: 从“double”到“GLfloat”截断
OpenGL3.cpp(334): warning C4305: “参数”: 从“double”到“GLfloat”截断
OpenGL3.cpp(340): warning C4305: “参数”: 从“double”到“GLfloat”截断
OpenGL3.cpp(341): warning C4305: “参数”: 从“double”到“GLfloat”截断
OpenGL3.cpp(342): warning C4305: “参数”: 从“double”到“GLfloat”截断
OpenGL3.cpp(343): warning C4305: “参数”: 从“double”到“GLfloat”截断
OpenGL3.cpp(344): warning C4305: “参数”: 从“double”到“GLfloat”截断
OpenGL3.cpp(345): warning C4305: “参数”: 从“double”到“GLfloat”截断
OpenGL3.cpp(352): warning C4305: “参数”: 从“double”到“GLfloat”截断
OpenGL3.cpp(353): warning C4305: “参数”: 从“double”到“GLfloat”截断
OpenGL3.cpp(359): warning C4305: “参数”: 从“double”到“GLfloat”截断
OpenGL3.cpp(360): warning C4305: “参数”: 从“double”到“GLfloat”截断
OpenGL3.cpp(366): warning C4305: “参数”: 从“double”到“GLfloat”截断
OpenGL3.cpp(367): warning C4305: “参数”: 从“double”到“GLfloat”截断
OpenGL3.cpp(372): warning C4305: “参数”: 从“double”到“GLfloat”截断
OpenGL3.cpp(373): warning C4305: “参数”: 从“double”到“GLfloat”截断
OpenGL3.cpp(400): warning C4305: “参数”: 从“double”到“GLfloat”截断
OpenGL3.cpp(444): warning C4305: “参数”: 从“double”到“GLfloat”截断
OpenGL3.cpp(452): warning C4305: “参数”: 从“double”到“GLfloat”截断
OpenGL3.cpp(460): warning C4305: “参数”: 从“double”到“GLfloat”截断
OpenGL3.cpp(468): warning C4305: “参数”: 从“double”到“GLfloat”截断
OpenGL3.cpp(476): warning C4305: “参数”: 从“double”到“GLfloat”截断
OpenGL3.cpp(484): warning C4305: “参数”: 从“double”到“GLfloat”截断
OpenGL3.cpp(491): warning C4305: “参数”: 从“double”到“GLfloat”截断
OpenGL3.cpp(498): warning C4305: “参数”: 从“double”到“GLfloat”截断
OpenGL3.cpp(616): warning C4305: “参数”: 从“double”到“GLfloat”截断
OpenGL3.cpp(622): warning C4305: “参数”: 从“double”到“GLfloat”截断
OpenGL3.cpp(645): warning C4305: “参数”: 从“double”到“GLfloat”截断
OpenGL3.cpp(652): warning C4305: “参数”: 从“double”到“GLfloat”截断
OpenGL3.cpp(662): warning C4305: “参数”: 从“double”到“GLfloat”截断
OpenGL3.cpp(669): warning C4305: “参数”: 从“double”到“GLfloat”截断
OpenGL3.cpp(674): warning C4305: “参数”: 从“double”到“GLfloat”截断
OpenGL3.cpp(1019): warning C4305: “=”: 从“double”到“float”截断
OpenGL3.cpp(1020): warning C4305: “=”: 从“double”到“float”截断
OpenGL3.cpp(1021): warning C4305: “=”: 从“double”到“float”截断
OpenGL3.cpp(1282): warning C4305: “+=”: 从“double”到“float”截断
OpenGL3.cpp(1283): warning C4305: “+=”: 从“double”到“float”截断
OpenGL3.cpp(1298): warning C4305: “+=”: 从“double”到“float”截断
OpenGL3.cpp(1299): warning C4305: “+=”: 从“double”到“float”截断
OpenGL3.cpp(1314): warning C4305: “+=”: 从“double”到“float”截断
OpenGL3.cpp(1315): warning C4305: “+=”: 从“double”到“float”截断
OpenGL3.cpp(1359): warning C4305: “-=”: 从“double”到“GLfloat”截断
OpenGL3.cpp(1366): warning C4305: “+=”: 从“double”到“GLfloat”截断
OpenGL3.cpp(1373): warning C4305: “=”: 从“double”到“GLfloat”截断
OpenGL3.cpp(968): warning C4996: 'itoa': The POSIX name for this item is deprecated. Instead, use the ISO C and C++ conformant name: _itoa. See online help for details.
  C:\Program Files (x86)\Windows Kits\10\Include\10.0.10240.0\ucrt\stdlib.h(1316): note: 参见“itoa”的声明
OpenGL3.cpp(1437): warning C4838: 从“double”转换到“GLfloat”需要收缩转换
OpenGL3.cpp(1437): warning C4305: “初始化”: 从“double”到“GLfloat”截断
OpenGL3.cpp(1441): warning C4305: “参数”: 从“double”到“GLfloat”截断
  正在生成代码
  2 of 60 functions ( 3.3%) were compiled, the rest were copied from previous compilation.
    0 functions were new in current compilation
    0 functions had inline decision re-evaluated but remain unchanged
  已完成代码的生成
  cube_map.vcxproj -> C:\Users\Ph0en1x\Desktop\OpenGLScene4\Release\OpenGLScene.exe
