  复制了 0 个文件
  OpenGL3.cpp
OpenGL3.cpp(23): warning C4273: “__glewMultiTexCoord2fARB”: dll 链接不一致
  C:\Users\Ph0en1x\Desktop\OpenGLScene3\common\inc\GL\glew.h(12508): note: 参见“__glewMultiTexCoord2fARB”的前一个定义
OpenGL3.cpp(24): warning C4273: “__glewActiveTextureARB”: dll 链接不一致
  C:\Users\Ph0en1x\Desktop\OpenGLScene3\common\inc\GL\glew.h(12496): note: 参见“__glewActiveTextureARB”的前一个定义
OpenGL3.cpp(43): warning C4838: 从“double”转换到“float”需要收缩转换
OpenGL3.cpp(43): warning C4305: “初始化”: 从“double”到“float”截断
OpenGL3.cpp(44): warning C4838: 从“double”转换到“float”需要收缩转换
OpenGL3.cpp(44): warning C4305: “初始化”: 从“double”到“float”截断
OpenGL3.cpp(45): warning C4838: 从“double”转换到“float”需要收缩转换
OpenGL3.cpp(45): warning C4305: “初始化”: 从“double”到“float”截断
OpenGL3.cpp(51): warning C4838: 从“double”转换到“float”需要收缩转换
OpenGL3.cpp(51): warning C4305: “初始化”: 从“double”到“float”截断
OpenGL3.cpp(300): warning C4838: 从“double”转换到“GLfloat”需要收缩转换
OpenGL3.cpp(300): warning C4305: “初始化”: 从“double”到“GLfloat”截断
OpenGL3.cpp(301): warning C4838: 从“double”转换到“GLfloat”需要收缩转换
OpenGL3.cpp(301): warning C4305: “初始化”: 从“double”到“GLfloat”截断
OpenGL3.cpp(525): warning C4305: “参数”: 从“double”到“GLfloat”截断
OpenGL3.cpp(559): warning C4305: “参数”: 从“double”到“GLfloat”截断
OpenGL3.cpp(711): warning C4305: “参数”: 从“double”到“GLfloat”截断
OpenGL3.cpp(780): warning C4305: “参数”: 从“double”到“GLfloat”截断
OpenGL3.cpp(814): warning C4305: “参数”: 从“double”到“GLfloat”截断
OpenGL3.cpp(826): warning C4305: “参数”: 从“double”到“GLfloat”截断
OpenGL3.cpp(832): warning C4305: “参数”: 从“double”到“GLfloat”截断
OpenGL3.cpp(838): warning C4305: “参数”: 从“double”到“GLfloat”截断
  robot.cpp
robot.cpp(339): warning C4305: “参数”: 从“double”到“GLfloat”截断
robot.cpp(340): warning C4305: “参数”: 从“double”到“GLfloat”截断
robot.cpp(343): warning C4305: “参数”: 从“double”到“GLfloat”截断
robot.cpp(344): warning C4305: “参数”: 从“double”到“GLfloat”截断
robot.cpp(351): warning C4305: “参数”: 从“double”到“GLfloat”截断
robot.cpp(352): warning C4305: “参数”: 从“double”到“GLfloat”截断
robot.cpp(355): warning C4305: “参数”: 从“double”到“GLfloat”截断
robot.cpp(356): warning C4305: “参数”: 从“double”到“GLfloat”截断
robot.cpp(364): warning C4305: “参数”: 从“double”到“GLfloat”截断
robot.cpp(366): warning C4305: “参数”: 从“double”到“GLfloat”截断
robot.cpp(377): warning C4305: “参数”: 从“double”到“GLfloat”截断
robot.cpp(378): warning C4305: “参数”: 从“double”到“GLfloat”截断
robot.cpp(383): warning C4305: “参数”: 从“double”到“GLfloat”截断
robot.cpp(384): warning C4305: “参数”: 从“double”到“GLfloat”截断
robot.cpp(397): warning C4305: “+=”: 从“double”到“float”截断
    正在创建库 C:\Users\Ph0en1x\Desktop\OpenGLScene3\Release\OpenGLScene.lib 和对象 C:\Users\Ph0en1x\Desktop\OpenGLScene3\Release\OpenGLScene.exp
  正在生成代码
  1 of 63 functions ( 1.6%) were compiled, the rest were copied from previous compilation.
    0 functions were new in current compilation
    1 functions had inline decision re-evaluated but remain unchanged
  已完成代码的生成
  cube_map.vcxproj -> C:\Users\Ph0en1x\Desktop\OpenGLScene3\Release\OpenGLScene.exe
